<?xml version="1.0" encoding="UTF-8"?>
<!-- Generated by org.testng.reporters.JUnitXMLReporter -->
<testsuite hostname="LTIN147205" ignored="7" name="Default test" tests="18" failures="0" timestamp="2022-04-08T14:51:03 IST" time="0.115" errors="0">
  <testcase name="@BeforeTest extentReport" time="-1.649409663564E9" classname="Utilities.ExtentReport">
    <failure type="org.testng.TestNGException" message="
Parameter &amp;apos;browser_name&amp;apos; is required by BeforeTest on method extentReport but has not been marked @Optional or defined
in C:\Users\2090965\AppData\Local\Temp\1\testng-eclipse-1444455222\testng-customsuite.xml">
      <![CDATA[org.testng.TestNGException: 
Parameter 'browser_name' is required by BeforeTest on method extentReport but has not been marked @Optional or defined
in C:\Users\2090965\AppData\Local\Temp\1\testng-eclipse-1444455222\testng-customsuite.xml
at org.testng.internal.Parameters.createParams(Parameters.java:270)
at org.testng.internal.Parameters.createParametersForMethod(Parameters.java:358)
at org.testng.internal.Parameters.createParameters(Parameters.java:700)
at org.testng.internal.Parameters.createConfigurationParameters(Parameters.java:168)
at org.testng.internal.ConfigInvoker.invokeConfigurations(ConfigInvoker.java:302)
at org.testng.TestRunner.invokeTestConfigurations(TestRunner.java:637)
at org.testng.TestRunner.beforeRun(TestRunner.java:627)
at org.testng.TestRunner.run(TestRunner.java:589)
at org.testng.SuiteRunner.runTest(SuiteRunner.java:377)
at org.testng.SuiteRunner.runSequentially(SuiteRunner.java:371)
at org.testng.SuiteRunner.privateRun(SuiteRunner.java:332)
at org.testng.SuiteRunner.run(SuiteRunner.java:276)
at org.testng.SuiteRunnerWorker.runSuite(SuiteRunnerWorker.java:53)
at org.testng.SuiteRunnerWorker.run(SuiteRunnerWorker.java:96)
at org.testng.TestNG.runSuitesSequentially(TestNG.java:1212)
at org.testng.TestNG.runSuitesLocally(TestNG.java:1134)
at org.testng.TestNG.runSuites(TestNG.java:1063)
at org.testng.TestNG.run(TestNG.java:1031)
at org.testng.remote.AbstractRemoteTestNG.run(AbstractRemoteTestNG.java:115)
at org.testng.remote.RemoteTestNG.initAndRun(RemoteTestNG.java:251)
at org.testng.remote.RemoteTestNG.main(RemoteTestNG.java:77)
]]>
    </failure>
  </testcase> <!-- @BeforeTest extentReport -->
  <testcase name="@BeforeTest getDriver" time="-1.649409663574E9" classname="Tests.HolidayHomes">
    <skipped/>
  </testcase> <!-- @BeforeTest getDriver -->
  <testcase name="@AfterMethod getResult" time="-1.649409663608E9" classname="Utilities.ExtentReport">
    <skipped/>
  </testcase> <!-- @AfterMethod getResult -->
  <testcase name="@AfterMethod getResult" time="-1.649409663628E9" classname="Utilities.ExtentReport">
    <skipped/>
  </testcase> <!-- @AfterMethod getResult -->
  <testcase name="@AfterMethod getResult" time="-1.649409663634E9" classname="Utilities.ExtentReport">
    <skipped/>
  </testcase> <!-- @AfterMethod getResult -->
  <testcase name="@AfterMethod getResult" time="-1.649409663661E9" classname="Utilities.ExtentReport">
    <skipped/>
  </testcase> <!-- @AfterMethod getResult -->
  <testcase name="@AfterTest flushReport" time="-1.649409663673E9" classname="Utilities.ExtentReport">
    <skipped/>
  </testcase> <!-- @AfterTest flushReport -->
  <testcase name="cruisesHome" time="0.0" classname="Tests.Cruises">
    <skipped/>
  </testcase> <!-- cruisesHome -->
  <testcase name="selectCruises" time="0.0" classname="Tests.Cruises">
    <skipped/>
  </testcase> <!-- selectCruises -->
  <testcase name="shipDetails" time="0.0" classname="Tests.Cruises">
    <skipped/>
  </testcase> <!-- shipDetails -->
  <testcase name="close" time="0.0" classname="Tests.Cruises">
    <skipped/>
  </testcase> <!-- close -->
  <testcase name="holidayHomes" time="0.0" classname="Tests.HolidayHomes">
    <skipped/>
  </testcase> <!-- holidayHomes -->
  <testcase name="searchPage" time="0.0" classname="Tests.HolidayHomes">
    <skipped/>
  </testcase> <!-- searchPage -->
  <testcase name="resultsPage" time="0.0" classname="Tests.HolidayHomes">
    <skipped/>
  </testcase> <!-- resultsPage -->
  <testcase name="SortBy" time="0.0" classname="Tests.HolidayHomes">
    <skipped/>
  </testcase> <!-- SortBy -->
  <testcase name="liftAccess" time="0.0" classname="Tests.HolidayHomes">
    <skipped/>
  </testcase> <!-- liftAccess -->
  <testcase name="holidayHomePrice" time="0.0" classname="Tests.HolidayHomes">
    <skipped/>
  </testcase> <!-- holidayHomePrice -->
  <testcase name="returnHomePage" time="0.0" classname="Tests.HolidayHomes">
    <skipped/>
  </testcase> <!-- returnHomePage -->
  <testcase name="SortBy" time="0.0" classname="Tests.HolidayHomes">
    <skipped/>
  </testcase> <!-- SortBy -->
  <testcase name="holidayHomePrice" time="0.0" classname="Tests.HolidayHomes">
    <skipped/>
  </testcase> <!-- holidayHomePrice -->
  <testcase name="holidayHomes" time="0.0" classname="Tests.HolidayHomes">
    <skipped/>
  </testcase> <!-- holidayHomes -->
  <testcase name="liftAccess" time="0.0" classname="Tests.HolidayHomes">
    <skipped/>
  </testcase> <!-- liftAccess -->
  <testcase name="resultsPage" time="0.0" classname="Tests.HolidayHomes">
    <skipped/>
  </testcase> <!-- resultsPage -->
  <testcase name="returnHomePage" time="0.0" classname="Tests.HolidayHomes">
    <skipped/>
  </testcase> <!-- returnHomePage -->
  <testcase name="searchPage" time="0.0" classname="Tests.HolidayHomes">
    <skipped/>
  </testcase> <!-- searchPage -->
  <testcase name="@AfterTest flushReport" time="0.0" classname="Utilities.ExtentReport">
    <ignored/>
  </testcase> <!-- @AfterTest flushReport -->
  <testcase name="@AfterTest flushReport" time="0.0" classname="Utilities.ExtentReport">
    <ignored/>
  </testcase> <!-- @AfterTest flushReport -->
  <testcase name="@AfterTest flushReport" time="0.0" classname="Utilities.ExtentReport">
    <ignored/>
  </testcase> <!-- @AfterTest flushReport -->
  <testcase name="@BeforeTest getDriver" time="0.0" classname="Tests.HolidayHomes">
    <ignored/>
  </testcase> <!-- @BeforeTest getDriver -->
  <testcase name="@BeforeTest extentReport" time="0.0" classname="Utilities.ExtentReport">
    <ignored/>
  </testcase> <!-- @BeforeTest extentReport -->
  <testcase name="@BeforeTest extentReport" time="0.0" classname="Utilities.ExtentReport">
    <ignored/>
  </testcase> <!-- @BeforeTest extentReport -->
  <testcase name="@BeforeTest extentReport" time="0.0" classname="Utilities.ExtentReport">
    <ignored/>
  </testcase> <!-- @BeforeTest extentReport -->
</testsuite> <!-- Default test -->
